<![LOG[Webhook URI, https://s2events.azure-automation.net/webhooks?token=P%2bRWjwXYpJtQT7ski8THvQy2IBnahtDj%2b7KS6lhihuE%3d]LOG]!><time="14:08:47.000+000" date="10-10-2017" component="" context="" type="" thread="" file="">
<![LOG[REST Header, System.Collections.Hashtable]LOG]!><time="14:08:47.000+000" date="10-10-2017" component="" context="" type="" thread="" file="">
<![LOG[REST Body, System.Collections.Hashtable]LOG]!><time="14:08:47.000+000" date="10-10-2017" component="" context="" type="" thread="" file="">
<![LOG[Webhook URI, https://s2events.azure-automation.net/webhooks?token=P%2bRWjwXYpJtQT7ski8THvQy2IBnahtDj%2b7KS6lhihuE%3d]LOG]!><time="14:11:13.000+000" date="10-10-2017" component="" context="" type="" thread="" file="">
<![LOG[REST Header, System.Collections.Hashtable]LOG]!><time="14:11:13.000+000" date="10-10-2017" component="" context="" type="" thread="" file="">
<![LOG[REST Body, System.Collections.Hashtable]LOG]!><time="14:11:13.000+000" date="10-10-2017" component="" context="" type="" thread="" file="">
<![LOG[Webhook URI, https://s2events.azure-automation.net/webhooks?token=P%2bRWjwXYpJtQT7ski8THvQy2IBnahtDj%2b7KS6lhihuE%3d]LOG]!><time="14:11:58.000+000" date="10-10-2017" component="" context="" type="" thread="" file="">
<![LOG[REST Header, System.Collections.Hashtable]LOG]!><time="14:11:58.000+000" date="10-10-2017" component="" context="" type="" thread="" file="">
<![LOG[REST Body, System.Collections.Hashtable]LOG]!><time="14:11:58.000+000" date="10-10-2017" component="" context="" type="" thread="" file="">
<![LOG[Webhook URI, https://s2events.azure-automation.net/webhooks?token=P%2bRWjwXYpJtQT7ski8THvQy2IBnahtDj%2b7KS6lhihuE%3d]LOG]!><time="15:53:15.000+000" date="10-10-2017" component="" context="" type="" thread="" file="">
<![LOG[REST Header, System.Collections.Hashtable]LOG]!><time="15:53:15.000+000" date="10-10-2017" component="" context="" type="" thread="" file="">
<![LOG[REST Body, System.Collections.Hashtable]LOG]!><time="15:53:15.000+000" date="10-10-2017" component="" context="" type="" thread="" file="">
<![LOG[Runbook successfully invoked, JobId: ]LOG]!><time="15:53:17.000+000" date="10-10-2017" component="" context="" type="" thread="" file="">
<![LOG[Webhook URI, https://s2events.azure-automation.net/webhooks?token=P%2bRWjwXYpJtQT7ski8THvQy2IBnahtDj%2b7KS6lhihuE%3d]LOG]!><time="15:54:57.000+000" date="10-10-2017" component="" context="" type="" thread="" file="">
<![LOG[REST Header, {
    "Date":  "10/10/2017 15:54:57"
})]LOG]!><time="15:54:57.000+000" date="10-10-2017" component="" context="" type="" thread="" file="">
<![LOG[REST Body, System.Collections.Hashtable]LOG]!><time="15:54:57.000+000" date="10-10-2017" component="" context="" type="" thread="" file="">
<![LOG[Runbook successfully invoked, JobId: ]LOG]!><time="15:54:59.000+000" date="10-10-2017" component="" context="" type="" thread="" file="">
<![LOG[Webhook URI, https://s2events.azure-automation.net/webhooks?token=P%2bRWjwXYpJtQT7ski8THvQy2IBnahtDj%2b7KS6lhihuE%3d]LOG]!><time="15:55:44.000+000" date="10-10-2017" component="" context="" type="" thread="" file="">
<![LOG[REST Header, {
    "Date":  "10/10/2017 15:55:44"
})]LOG]!><time="15:55:44.000+000" date="10-10-2017" component="" context="" type="" thread="" file="">
<![LOG[REST Body, {
    "AlertName":  "",
    "AlertPriority":  "",
    "AlertState":  "",
    "AlertSeverity":  "",
    "AlertId":  ""
}]LOG]!><time="15:55:44.000+000" date="10-10-2017" component="" context="" type="" thread="" file="">
<![LOG[Runbook successfully invoked, JobId: ]LOG]!><time="15:55:46.000+000" date="10-10-2017" component="" context="" type="" thread="" file="">
<![LOG[Webhook URI, https://s2events.azure-automation.net/webhooks?token=P%2bRWjwXYpJtQT7ski8THvQy2IBnahtDj%2b7KS6lhihuE%3d]LOG]!><time="15:57:15.000+000" date="10-10-2017" component="" context="" type="" thread="" file="">
<![LOG[REST Header, {
    "Date":  "10/10/2017 15:57:15"
})]LOG]!><time="15:57:15.000+000" date="10-10-2017" component="" context="" type="" thread="" file="">
<![LOG[REST Body, {
    "AlertName":  "",
    "AlertPriority":  "",
    "AlertState":  "",
    "AlertSeverity":  "",
    "AlertId":  ""
}]LOG]!><time="15:57:15.000+000" date="10-10-2017" component="" context="" type="" thread="" file="">
<![LOG[Runbook successfully invoked, JobId: 68168058-9631-41f4-9067-1314792755a0]LOG]!><time="15:57:17.000+000" date="10-10-2017" component="" context="" type="" thread="" file="">
<![LOG[Webhook URI Interface: https://s2events.azure-automation.net/webhooks?token=P%2bRWjwXYpJtQT7ski8THvQy2IBnahtDj%2b7KS6lhihuE%3d]LOG]!><time="15:58:49.000+000" date="10-10-2017" component="" context="" type="" thread="" file="">
<![LOG[REST Headers: {
    "Date":  "10/10/2017 15:58:49"
})]LOG]!><time="15:58:49.000+000" date="10-10-2017" component="" context="" type="" thread="" file="">
<![LOG[REST Body: {
    "AlertName":  "",
    "AlertPriority":  "",
    "AlertState":  "",
    "AlertSeverity":  "",
    "AlertId":  ""
}]LOG]!><time="15:58:49.000+000" date="10-10-2017" component="" context="" type="" thread="" file="">
<![LOG[Runbook successfully invoked, JobId: 93cacdfc-1440-4389-80af-b5377a223272]LOG]!><time="15:58:52.000+000" date="10-10-2017" component="" context="" type="" thread="" file="">
